<?xml version="1.0" encoding="UTF-8"?>
<!-- Generated by org.testng.reporters.JUnitReportReporter -->
<testsuite hostname="DESKTOP-GVPH1DS" name="com.browserstack.SingleTest" tests="1" failures="0" timestamp="20 Jul 2018 14:29:39 GMT" time="50.026" errors="0">
  <testcase name="test" time="50.026" classname="com.browserstack.SingleTest"/>
</testsuite> <!-- com.browserstack.SingleTest -->
