<?xml version="1.0" encoding="UTF-8"?>
<!-- Generated by org.testng.reporters.JUnitReportReporter -->
<testsuite hostname="DESKTOP-GVPH1DS" name="com.browserstack.suite.SuiteCheckingAlertsAndErrors" tests="1" failures="0" timestamp="10 Aug 2018 08:20:40 GMT" time="310.997" errors="0">
  <testcase name="test_01" time="310.997" classname="com.browserstack.suite.SuiteCheckingAlertsAndErrors"/>
</testsuite> <!-- com.browserstack.suite.SuiteCheckingAlertsAndErrors -->
