<?xml version="1.0" encoding="UTF-8"?>
<!-- Generated by org.testng.reporters.JUnitReportReporter -->
<testsuite hostname="DESKTOP-GVPH1DS" name="com.browserstack.suite.SuiteTest01" tests="1" failures="0" timestamp="21 Jul 2018 19:45:11 GMT" time="151.368" errors="0">
  <testcase name="test_01" time="151.368" classname="com.browserstack.suite.SuiteTest01"/>
</testsuite> <!-- com.browserstack.suite.SuiteTest01 -->
