<?xml version="1.0" encoding="UTF-8"?>
<!-- Generated by org.testng.reporters.JUnitReportReporter -->
<testsuite hostname="DESKTOP-GVPH1DS" name="com.browserstack.suite.SuiteReconcileScenario2" tests="1" failures="0" timestamp="10 Aug 2018 08:20:40 GMT" time="280.311" errors="0">
  <testcase name="test_01" time="280.311" classname="com.browserstack.suite.SuiteReconcileScenario2"/>
</testsuite> <!-- com.browserstack.suite.SuiteReconcileScenario2 -->
