<?xml version="1.0" encoding="UTF-8"?>
<!-- Generated by org.testng.reporters.JUnitReportReporter -->
<testsuite hostname="DESKTOP-GVPH1DS" name="com.browserstack.suite.SuiteSpent" tests="1" failures="0" timestamp="10 Aug 2018 08:20:40 GMT" time="408.781" errors="0">
  <testcase name="test_01" time="408.781" classname="com.browserstack.suite.SuiteSpent"/>
</testsuite> <!-- com.browserstack.suite.SuiteSpent -->
