<?xml version="1.0" encoding="UTF-8"?>
<!-- Generated by org.testng.reporters.JUnitReportReporter -->
<testsuite hostname="DESKTOP-GVPH1DS" name="com.browserstack.suite.SuiteAddMultipleBills" tests="1" failures="0" timestamp="8 Aug 2018 12:03:30 GMT" time="330.726" errors="0">
  <testcase name="test_01" time="330.726" classname="com.browserstack.suite.SuiteAddMultipleBills"/>
</testsuite> <!-- com.browserstack.suite.SuiteAddMultipleBills -->
